# JRE version: Java(TM) SE Runtime Environment 18.9 (11.0.17+10) (build 11.0.17+10-LTS-269)
# Java VM: Java HotSpot(TM) 64-Bit Server VM 18.9 (11.0.17+10-LTS-269, mixed mode, tiered, compressed oops, g1 gc, windows-amd64)
Heap:
 garbage-first heap   total 262144K, used 158617K [0x00000000e0000000, 0x0000000100000000)
  region size 1024K, 118 young (120832K), 19 survivors (19456K)
 Metaspace       used 76875K, capacity 79735K, committed 79872K, reserved 323584K
  class space    used 10133K, capacity 11197K, committed 11264K, reserved 253952K
GC Heap History (10 events):
Event: 8.586 GC heap before
{Heap before GC invocations=4 (full 0):
 garbage-first heap   total 262144K, used 87302K [0x00000000e0000000, 0x0000000100000000)
  region size 1024K, 70 young (71680K), 3 survivors (3072K)
 Metaspace       used 34855K, capacity 35685K, committed 35840K, reserved 286720K
  class space    used 4559K, capacity 4900K, committed 4992K, reserved 253952K
}
Event: 8.589 GC heap after
{Heap after GC invocations=5 (full 0):
 garbage-first heap   total 262144K, used 22670K [0x00000000e0000000, 0x0000000100000000)
  region size 1024K, 6 young (6144K), 6 survivors (6144K)
 Metaspace       used 34855K, capacity 35685K, committed 35840K, reserved 286720K
  class space    used 4559K, capacity 4900K, committed 4992K, reserved 253952K
}
Event: 9.297 GC heap before
{Heap before GC invocations=6 (full 0):
 garbage-first heap   total 262144K, used 142478K [0x00000000e0000000, 0x0000000100000000)
  region size 1024K, 120 young (122880K), 6 survivors (6144K)
 Metaspace       used 45331K, capacity 46387K, committed 46464K, reserved 294912K
  class space    used 5822K, capacity 6208K, committed 6272K, reserved 253952K
}
Event: 9.303 GC heap after
{Heap after GC invocations=7 (full 0):
 garbage-first heap   total 262144K, used 28998K [0x00000000e0000000, 0x0000000100000000)
  region size 1024K, 12 young (12288K), 12 survivors (12288K)
 Metaspace       used 45331K, capacity 46387K, committed 46464K, reserved 294912K
  class space    used 5822K, capacity 6208K, committed 6272K, reserved 253952K
}
Event: 10.497 GC heap before
{Heap before GC invocations=7 (full 0):
 garbage-first heap   total 262144K, used 172358K [0x00000000e0000000, 0x0000000100000000)
  region size 1024K, 153 young (156672K), 12 survivors (12288K)
 Metaspace       used 52618K, capacity 54270K, committed 54400K, reserved 301056K
  class space    used 6946K, capacity 7534K, committed 7552K, reserved 253952K
}
Event: 10.506 GC heap after
{Heap after GC invocations=8 (full 0):
 garbage-first heap   total 262144K, used 38606K [0x00000000e0000000, 0x0000000100000000)
  region size 1024K, 20 young (20480K), 20 survivors (20480K)
 Metaspace       used 52618K, capacity 54270K, committed 54400K, reserved 301056K
  class space    used 6946K, capacity 7534K, committed 7552K, reserved 253952K
}
Event: 11.736 GC heap before
{Heap before GC invocations=8 (full 0):
 garbage-first heap   total 262144K, used 136910K [0x00000000e0000000, 0x0000000100000000)
  region size 1024K, 117 young (119808K), 20 survivors (20480K)
 Metaspace       used 57940K, capacity 60043K, committed 60160K, reserved 307200K
  class space    used 7806K, capacity 8638K, committed 8704K, reserved 253952K
}
Event: 11.747 GC heap after
{Heap after GC invocations=9 (full 0):
 garbage-first heap   total 262144K, used 47917K [0x00000000e0000000, 0x0000000100000000)
  region size 1024K, 20 young (20480K), 20 survivors (20480K)
 Metaspace       used 57940K, capacity 60043K, committed 60160K, reserved 307200K
  class space    used 7806K, capacity 8638K, committed 8704K, reserved 253952K
}
Event: 13.550 GC heap before
{Heap before GC invocations=10 (full 0):
 garbage-first heap   total 262144K, used 183085K [0x00000000e0000000, 0x0000000100000000)
  region size 1024K, 153 young (156672K), 20 survivors (20480K)
 Metaspace       used 73787K, capacity 76576K, committed 76800K, reserved 321536K
  class space    used 9653K, capacity 10660K, committed 10752K, reserved 253952K
}
Event: 13.559 GC heap after
{Heap after GC invocations=11 (full 0):
 garbage-first heap   total 262144K, used 58265K [0x00000000e0000000, 0x0000000100000000)
  region size 1024K, 19 young (19456K), 19 survivors (19456K)
 Metaspace       used 73787K, capacity 76576K, committed 76800K, reserved 321536K
  class space    used 9653K, capacity 10660K, committed 10752K, reserved 253952K
}

