# JRE version: Java(TM) SE Runtime Environment 18.9 (11.0.17+10) (build 11.0.17+10-LTS-269)
# Java VM: Java HotSpot(TM) 64-Bit Server VM 18.9 (11.0.17+10-LTS-269, mixed mode, tiered, compressed oops, g1 gc, windows-amd64)
Heap:
 garbage-first heap   total 262144K, used 75792K [0x00000000e0000000, 0x0000000100000000)
  region size 1024K, 56 young (57344K), 19 survivors (19456K)
 Metaspace       used 53352K, capacity 55061K, committed 55296K, reserved 303104K
  class space    used 7058K, capacity 7667K, committed 7680K, reserved 253952K
GC Heap History (10 events):
Event: 1.284 GC heap before
{Heap before GC invocations=1 (full 0):
 garbage-first heap   total 262144K, used 113249K [0x00000000e0000000, 0x0000000100000000)
  region size 1024K, 104 young (106496K), 3 survivors (3072K)
 Metaspace       used 20633K, capacity 21093K, committed 21248K, reserved 272384K
  class space    used 2536K, capacity 2723K, committed 2816K, reserved 253952K
}
Event: 1.289 GC heap after
{Heap after GC invocations=2 (full 0):
 garbage-first heap   total 262144K, used 17312K [0x00000000e0000000, 0x0000000100000000)
  region size 1024K, 11 young (11264K), 11 survivors (11264K)
 Metaspace       used 20633K, capacity 21093K, committed 21248K, reserved 272384K
  class space    used 2536K, capacity 2723K, committed 2816K, reserved 253952K
}
Event: 1.581 GC heap before
{Heap before GC invocations=3 (full 0):
 garbage-first heap   total 262144K, used 74656K [0x00000000e0000000, 0x0000000100000000)
  region size 1024K, 67 young (68608K), 11 survivors (11264K)
 Metaspace       used 26455K, capacity 27066K, committed 27264K, reserved 278528K
  class space    used 3464K, capacity 3703K, committed 3712K, reserved 253952K
}
Event: 1.585 GC heap after
{Heap after GC invocations=4 (full 0):
 garbage-first heap   total 262144K, used 20078K [0x00000000e0000000, 0x0000000100000000)
  region size 1024K, 3 young (3072K), 3 survivors (3072K)
 Metaspace       used 26455K, capacity 27066K, committed 27264K, reserved 278528K
  class space    used 3464K, capacity 3703K, committed 3712K, reserved 253952K
}
Event: 1.975 GC heap before
{Heap before GC invocations=4 (full 0):
 garbage-first heap   total 262144K, used 79470K [0x00000000e0000000, 0x0000000100000000)
  region size 1024K, 62 young (63488K), 3 survivors (3072K)
 Metaspace       used 34911K, capacity 35685K, committed 35840K, reserved 286720K
  class space    used 4566K, capacity 4900K, committed 4992K, reserved 253952K
}
Event: 1.979 GC heap after
{Heap after GC invocations=5 (full 0):
 garbage-first heap   total 262144K, used 22968K [0x00000000e0000000, 0x0000000100000000)
  region size 1024K, 6 young (6144K), 6 survivors (6144K)
 Metaspace       used 34911K, capacity 35685K, committed 35840K, reserved 286720K
  class space    used 4566K, capacity 4900K, committed 4992K, reserved 253952K
}
Event: 2.597 GC heap before
{Heap before GC invocations=6 (full 0):
 garbage-first heap   total 262144K, used 144824K [0x00000000e0000000, 0x0000000100000000)
  region size 1024K, 121 young (123904K), 6 survivors (6144K)
 Metaspace       used 45413K, capacity 46498K, committed 46720K, reserved 294912K
  class space    used 5832K, capacity 6244K, committed 6272K, reserved 253952K
}
Event: 2.602 GC heap after
{Heap after GC invocations=7 (full 0):
 garbage-first heap   total 262144K, used 29510K [0x00000000e0000000, 0x0000000100000000)
  region size 1024K, 12 young (12288K), 12 survivors (12288K)
 Metaspace       used 45413K, capacity 46498K, committed 46720K, reserved 294912K
  class space    used 5832K, capacity 6244K, committed 6272K, reserved 253952K
}
Event: 3.288 GC heap before
{Heap before GC invocations=7 (full 0):
 garbage-first heap   total 262144K, used 173894K [0x00000000e0000000, 0x0000000100000000)
  region size 1024K, 153 young (156672K), 12 survivors (12288K)
 Metaspace       used 52571K, capacity 54165K, committed 54400K, reserved 301056K
  class space    used 6937K, capacity 7520K, committed 7552K, reserved 253952K
}
Event: 3.298 GC heap after
{Heap after GC invocations=8 (full 0):
 garbage-first heap   total 262144K, used 38928K [0x00000000e0000000, 0x0000000100000000)
  region size 1024K, 19 young (19456K), 19 survivors (19456K)
 Metaspace       used 52571K, capacity 54165K, committed 54400K, reserved 301056K
  class space    used 6937K, capacity 7520K, committed 7552K, reserved 253952K
}

