# JRE version: Java(TM) SE Runtime Environment 18.9 (11.0.17+10) (build 11.0.17+10-LTS-269)
# Java VM: Java HotSpot(TM) 64-Bit Server VM 18.9 (11.0.17+10-LTS-269, mixed mode, tiered, compressed oops, g1 gc, windows-amd64)
Heap:
 garbage-first heap   total 262144K, used 102582K [0x00000000e0000000, 0x0000000100000000)
  region size 1024K, 83 young (84992K), 19 survivors (19456K)
 Metaspace       used 54519K, capacity 56325K, committed 56576K, reserved 303104K
  class space    used 7254K, capacity 7914K, committed 7936K, reserved 253952K
GC Heap History (10 events):
Event: 1.264 GC heap before
{Heap before GC invocations=1 (full 0):
 garbage-first heap   total 262144K, used 112982K [0x00000000e0000000, 0x0000000100000000)
  region size 1024K, 104 young (106496K), 3 survivors (3072K)
 Metaspace       used 20643K, capacity 21093K, committed 21248K, reserved 272384K
  class space    used 2541K, capacity 2723K, committed 2816K, reserved 253952K
}
Event: 1.269 GC heap after
{Heap after GC invocations=2 (full 0):
 garbage-first heap   total 262144K, used 17597K [0x00000000e0000000, 0x0000000100000000)
  region size 1024K, 11 young (11264K), 11 survivors (11264K)
 Metaspace       used 20643K, capacity 21093K, committed 21248K, reserved 272384K
  class space    used 2541K, capacity 2723K, committed 2816K, reserved 253952K
}
Event: 1.614 GC heap before
{Heap before GC invocations=3 (full 0):
 garbage-first heap   total 262144K, used 85181K [0x00000000e0000000, 0x0000000100000000)
  region size 1024K, 77 young (78848K), 11 survivors (11264K)
 Metaspace       used 27020K, capacity 27605K, committed 27904K, reserved 278528K
  class space    used 3556K, capacity 3777K, committed 3840K, reserved 253952K
}
Event: 1.619 GC heap after
{Heap after GC invocations=4 (full 0):
 garbage-first heap   total 262144K, used 20103K [0x00000000e0000000, 0x0000000100000000)
  region size 1024K, 3 young (3072K), 3 survivors (3072K)
 Metaspace       used 27020K, capacity 27605K, committed 27904K, reserved 278528K
  class space    used 3556K, capacity 3777K, committed 3840K, reserved 253952K
}
Event: 1.975 GC heap before
{Heap before GC invocations=4 (full 0):
 garbage-first heap   total 262144K, used 70279K [0x00000000e0000000, 0x0000000100000000)
  region size 1024K, 53 young (54272K), 3 survivors (3072K)
 Metaspace       used 34903K, capacity 35685K, committed 35840K, reserved 286720K
  class space    used 4559K, capacity 4900K, committed 4992K, reserved 253952K
}
Event: 1.979 GC heap after
{Heap after GC invocations=5 (full 0):
 garbage-first heap   total 262144K, used 22843K [0x00000000e0000000, 0x0000000100000000)
  region size 1024K, 6 young (6144K), 6 survivors (6144K)
 Metaspace       used 34903K, capacity 35685K, committed 35840K, reserved 286720K
  class space    used 4559K, capacity 4900K, committed 4992K, reserved 253952K
}
Event: 2.576 GC heap before
{Heap before GC invocations=6 (full 0):
 garbage-first heap   total 262144K, used 135483K [0x00000000e0000000, 0x0000000100000000)
  region size 1024K, 113 young (115712K), 6 survivors (6144K)
 Metaspace       used 44778K, capacity 45862K, committed 46208K, reserved 294912K
  class space    used 5752K, capacity 6158K, committed 6272K, reserved 253952K
}
Event: 2.581 GC heap after
{Heap after GC invocations=7 (full 0):
 garbage-first heap   total 262144K, used 29176K [0x00000000e0000000, 0x0000000100000000)
  region size 1024K, 12 young (12288K), 12 survivors (12288K)
 Metaspace       used 44778K, capacity 45862K, committed 46208K, reserved 294912K
  class space    used 5752K, capacity 6158K, committed 6272K, reserved 253952K
}
Event: 3.226 GC heap before
{Heap before GC invocations=7 (full 0):
 garbage-first heap   total 262144K, used 169464K [0x00000000e0000000, 0x0000000100000000)
  region size 1024K, 149 young (152576K), 12 survivors (12288K)
 Metaspace       used 51930K, capacity 53460K, committed 53504K, reserved 301056K
  class space    used 6838K, capacity 7415K, committed 7424K, reserved 253952K
}
Event: 3.234 GC heap after
{Heap after GC invocations=8 (full 0):
 garbage-first heap   total 262144K, used 38070K [0x00000000e0000000, 0x0000000100000000)
  region size 1024K, 19 young (19456K), 19 survivors (19456K)
 Metaspace       used 51930K, capacity 53460K, committed 53504K, reserved 301056K
  class space    used 6838K, capacity 7415K, committed 7424K, reserved 253952K
}

